[2012-11-01 00:04:41] START
[2012-11-01 00:04:41] EDIT analytics/controllers/default.py: 1
[2012-11-01 00:05:40] EDIT analytics/controllers/default.py: 1
[2012-11-01 00:06:01] EDIT analytics/controllers/default.py: -1
[2012-11-01 16:27:54] EDIT analytics/controllers/default.py: 0
[2012-11-01 20:26:07] EDIT analytics/views/default/index.html: 1
[2012-11-01 20:26:52] EDIT analytics/views/default/index.html: 0
[2012-11-01 20:27:02] EDIT analytics/views/default/index.html: 0
[2012-11-01 20:27:16] EDIT analytics/views/default/index.html: 0
[2012-11-01 20:27:41] EDIT analytics/views/default/index.html: 0
[2012-11-01 20:27:55] EDIT analytics/views/default/index.html: 0
[2012-11-01 20:28:06] EDIT analytics/views/default/index.html: 0
[2012-11-01 20:35:26] EDIT analytics/views/default/index.html: 0
[2012-11-01 20:35:49] EDIT analytics/views/default/index.html: 0
[2012-11-01 20:35:55] EDIT analytics/views/default/index.html: 0
[2012-11-01 20:36:12] EDIT analytics/views/default/index.html: -1
[2012-11-01 20:52:21] EDIT analytics/views/default/index.html: 0
[2012-11-01 21:17:55] EDIT analytics/views/default/index.html: 1
[2012-11-01 21:19:20] EDIT analytics/views/default/index.html: 0
[2012-11-01 21:19:43] EDIT analytics/views/default/index.html: 0
[2012-11-01 22:15:10] EDIT analytics/views/default/index.html: 0
[2012-11-01 22:15:30] EDIT analytics/views/default/index.html: 0
[2012-11-01 22:18:13] EDIT analytics/views/default/index.html: 9
[2012-11-01 22:18:51] EDIT analytics/views/default/index.html: 0
[2012-11-01 22:25:55] EDIT analytics/views/default/index.html: -7
[2012-11-01 22:27:35] EDIT analytics/views/default/index.html: -1
[2012-11-01 22:27:55] EDIT analytics/views/default/index.html: -2
[2012-11-01 22:51:24] EDIT analytics/views/default/index.html: 1
[2012-11-01 22:51:46] EDIT analytics/views/default/index.html: 0
[2012-11-01 22:52:55] EDIT analytics/views/default/index.html: 0
[2012-11-01 23:59:50] EDIT analytics/views/default/index.html: 0
[2012-11-01 23:59:59] EDIT analytics/views/default/index.html: 0
[2012-11-02 00:01:19] EDIT analytics/views/default/index.html: 0
[2012-11-02 00:22:58] EDIT analytics/views/default/index.html: 0
[2012-11-02 00:26:30] EDIT analytics/views/default/index.html: 0
[2012-11-02 00:27:14] EDIT analytics/views/default/index.html: 0
[2012-11-02 00:29:01] EDIT analytics/views/default/index.html: 0
[2012-11-02 00:30:55] EDIT analytics/views/default/index.html: 0
[2012-11-02 00:31:15] EDIT analytics/views/default/index.html: 0
[2012-11-02 00:31:25] EDIT analytics/views/default/index.html: 0
[2012-11-02 00:57:49] EDIT analytics/views/default/index.html: -1
[2012-11-02 11:53:28] EDIT analytics/views/default/index.html: 1
[2012-11-02 11:55:47] EDIT analytics/views/default/index.html: 0
[2012-11-03 00:05:28] EDIT analytics/views/default/index.html: 0
[2012-11-03 00:05:50] EDIT analytics/views/default/index.html: 0
[2012-11-03 00:06:05] EDIT analytics/views/default/index.html: 0
[2012-11-03 00:06:20] EDIT analytics/views/default/index.html: 0
[2012-11-03 00:06:29] EDIT analytics/views/default/index.html: 0
[2012-11-05 18:56:20] EDIT analytics/controllers/default.py: 2
[2012-11-05 18:58:06] CREATE default/trycron.html: 0
[2012-11-05 19:01:55] EDIT analytics/views/default/trycron.html: 1
[2012-11-05 19:26:17] EDIT analytics/views/default/index.html: 0
[2012-11-05 19:26:52] EDIT analytics/views/default/index.html: 0
[2012-11-05 19:29:04] EDIT analytics/views/default/index.html: 0
[2012-11-05 19:29:16] EDIT analytics/views/default/index.html: 0
[2012-11-05 19:31:24] EDIT analytics/views/default/index.html: 0
[2012-11-05 19:31:31] EDIT analytics/views/default/index.html: 0
[2012-11-05 19:31:43] EDIT analytics/views/default/index.html: 0
[2012-11-05 19:59:37] EDIT analytics/views/default/index.html: 0
[2012-11-05 20:00:25] EDIT analytics/views/default/index.html: 0
[2012-11-05 20:02:09] EDIT analytics/views/default/index.html: 0
[2012-11-05 20:03:41] EDIT analytics/views/default/index.html: 0
[2012-11-05 20:07:15] EDIT analytics/views/default/index.html: 0
[2012-11-05 20:08:17] EDIT analytics/views/default/index.html: 3
[2012-11-06 23:47:50] EDIT analytics/views/default/index.html: -1
[2012-11-06 23:49:26] EDIT analytics/views/default/index.html: 1
[2012-11-06 23:53:00] EDIT analytics/views/default/index.html: 0
[2012-11-06 23:53:20] EDIT analytics/views/default/index.html: 0
[2012-11-07 00:09:44] EDIT analytics/views/default/index.html: 0
[2012-11-07 00:29:21] EDIT analytics/views/default/index.html: 0
[2012-11-07 00:30:13] EDIT analytics/views/default/index.html: 0
[2012-11-07 00:30:30] EDIT analytics/views/default/index.html: 0
[2012-11-07 00:30:45] EDIT analytics/views/default/index.html: 0
[2012-11-07 00:33:11] EDIT analytics/views/default/index.html: 0
[2012-11-07 00:36:14] EDIT analytics/views/default/index.html: 0
[2012-11-07 00:38:45] EDIT analytics/views/default/index.html: 0
[2012-11-07 00:38:59] EDIT analytics/views/default/index.html: 0
[2012-11-07 00:39:56] EDIT analytics/views/default/index.html: 0
[2012-11-07 00:40:38] EDIT analytics/views/default/index.html: 0
[2012-11-07 00:42:58] EDIT analytics/views/default/index.html: 0
[2012-11-07 00:43:10] EDIT analytics/views/default/index.html: 0
[2012-11-07 00:43:41] EDIT analytics/views/default/index.html: 0
[2012-11-07 18:41:44] DELETE analytics/views/default/index.html.1: -6
[2012-11-07 18:42:04] EDIT analytics/views/default/index.html: 1
[2012-11-07 18:42:52] EDIT analytics/views/default/index.html: 0
[2012-11-07 18:43:54] EDIT analytics/views/default/index.html: -1
[2012-11-07 19:28:04] EDIT analytics/views/default/index.html: 1
[2012-11-07 19:28:58] EDIT analytics/views/default/index.html: -1
[2012-11-07 19:29:32] EDIT analytics/views/default/index.html: 1
[2012-11-07 20:40:27] EDIT analytics/views/default/index.html: 0
[2012-11-13 17:33:53] EDIT analytics/views/dash/timeline.html: 67
[2012-11-13 17:35:45] EDIT analytics/views/dash/timeline.html: 0
[2012-11-13 17:37:50] EDIT analytics/views/dash/timeline.html: 0
[2012-11-13 17:38:28] EDIT analytics/views/dash/timeline.html: 0
[2012-11-13 17:38:32] EDIT analytics/views/dash/timeline.html: 0
[2012-11-13 17:39:55] EDIT analytics/views/dash/timeline.html: 0
[2012-11-13 17:40:52] EDIT analytics/views/dash/timeline.html: 0
[2012-11-13 17:40:54] EDIT analytics/views/dash/timeline.html: 0
[2012-11-13 18:50:31] EDIT analytics/views/dash/timeline.html: 2
[2012-11-13 18:50:37] EDIT analytics/views/dash/timeline.html: 0
[2012-11-13 18:51:14] EDIT analytics/views/dash/timeline.html: 0
[2012-11-13 18:51:37] EDIT analytics/views/dash/timeline.html: 0
[2012-11-13 18:53:18] EDIT analytics/views/dash/timeline.html: -1
[2012-11-13 18:54:48] EDIT analytics/views/dash/timeline.html: 1
[2012-11-13 18:55:24] EDIT analytics/views/dash/timeline.html: 0
[2012-11-13 18:55:47] EDIT analytics/views/dash/timeline.html: 0
[2012-11-13 18:56:04] EDIT analytics/views/dash/timeline.html: -1
[2012-11-13 18:56:39] EDIT analytics/views/dash/timeline.html: 0
[2012-11-13 18:57:06] EDIT analytics/views/dash/timeline.html: 1
[2012-11-13 18:57:31] EDIT analytics/views/dash/timeline.html: 0
[2012-11-13 19:00:09] EDIT analytics/views/dash/timeline.html: 0
[2012-11-13 19:01:26] EDIT analytics/views/dash/timeline.html: 0
[2012-11-13 19:01:56] EDIT analytics/views/dash/timeline.html: 0
[2012-11-13 19:05:06] EDIT analytics/views/dash/timeline.html: 0
[2012-11-13 19:29:37] EDIT analytics/views/dash/timeline.html: 0
[2012-11-13 19:29:53] EDIT analytics/views/dash/timeline.html: 0
[2012-11-13 19:31:11] EDIT analytics/views/dash/timeline.html: 0
[2012-11-13 19:32:10] EDIT analytics/views/dash/timeline.html: 1
[2012-11-13 19:32:59] EDIT analytics/views/dash/timeline.html: 0
[2012-11-13 19:33:01] EDIT analytics/views/dash/timeline.html: 0
[2012-11-13 19:34:13] EDIT analytics/views/dash/timeline.html: 2
[2012-11-13 19:34:23] EDIT analytics/views/dash/timeline.html: 1
[2012-11-13 19:36:08] EDIT analytics/views/dash/timeline.html: 0
[2012-11-13 19:36:44] EDIT analytics/views/dash/timeline.html: 1
[2012-11-13 19:37:49] EDIT analytics/views/dash/timeline.html: 0
[2012-11-13 19:38:07] EDIT analytics/views/dash/timeline.html: -1
[2012-11-13 19:38:18] EDIT analytics/views/dash/timeline.html: 0
[2012-11-13 19:38:34] EDIT analytics/views/dash/timeline.html: 0
[2012-11-13 19:39:18] EDIT analytics/views/dash/timeline.html: 0
[2012-11-13 19:39:21] EDIT analytics/views/dash/timeline.html: 0
[2012-11-13 19:39:26] EDIT analytics/views/dash/timeline.html: 0
[2012-11-13 19:39:41] EDIT analytics/views/dash/timeline.html: 0
[2012-11-13 19:40:03] EDIT analytics/views/dash/timeline.html: 0
[2012-11-13 19:40:11] EDIT analytics/views/dash/timeline.html: 0
[2012-11-13 19:40:26] EDIT analytics/views/dash/timeline.html: 1
[2012-11-13 19:40:50] EDIT analytics/views/dash/timeline.html: 0
[2012-11-13 19:41:01] EDIT analytics/views/dash/timeline.html: 0
[2012-11-13 19:41:01] EDIT analytics/views/dash/timeline.html: 0
[2012-11-13 19:41:27] EDIT analytics/views/dash/timeline.html: 1
[2012-11-13 19:41:53] EDIT analytics/views/dash/timeline.html: 0
[2012-11-13 19:41:56] EDIT analytics/views/dash/timeline.html: 0
[2012-11-13 19:42:11] EDIT analytics/views/dash/timeline.html: 0
[2012-11-13 19:42:16] EDIT analytics/views/dash/timeline.html: 0
[2012-11-13 19:44:43] EDIT analytics/views/dash/timeline.html: 1
[2012-11-13 19:45:02] EDIT analytics/views/dash/timeline.html: 0
[2012-11-13 19:45:31] EDIT analytics/views/dash/timeline.html: 0
[2012-11-13 19:45:46] EDIT analytics/views/dash/timeline.html: 0
[2012-11-13 19:45:56] EDIT analytics/views/dash/timeline.html: 0
[2012-11-13 19:46:04] EDIT analytics/views/dash/timeline.html: 0
[2012-11-13 19:46:24] EDIT analytics/views/dash/timeline.html: 0
[2012-11-13 19:46:28] EDIT analytics/views/dash/timeline.html: 0
[2012-11-13 19:47:47] EDIT analytics/views/dash/timeline.html: 0
[2012-11-13 19:48:03] EDIT analytics/views/dash/timeline.html: -1
[2012-11-13 19:48:20] EDIT analytics/views/dash/timeline.html: 1
[2012-11-13 19:48:30] EDIT analytics/views/dash/timeline.html: 0
[2012-11-13 19:48:38] EDIT analytics/views/dash/timeline.html: 0
[2012-11-13 19:48:48] EDIT analytics/views/dash/timeline.html: 0
[2012-11-13 19:48:59] EDIT analytics/views/dash/timeline.html: 0
[2012-11-13 19:49:08] EDIT analytics/views/dash/timeline.html: 0
[2012-11-13 19:49:42] EDIT analytics/views/dash/timeline.html: -1
[2012-11-13 19:49:59] EDIT analytics/views/dash/timeline.html: -1
[2012-11-13 19:50:18] EDIT analytics/views/dash/timeline.html: 0
[2012-11-13 19:50:24] EDIT analytics/views/dash/timeline.html: 0
[2012-11-13 19:51:02] EDIT analytics/views/dash/timeline.html: -1
[2012-11-13 19:51:03] EDIT analytics/views/dash/timeline.html: 0
[2012-11-13 19:51:58] EDIT analytics/views/dash/timeline.html: 0
[2012-11-13 19:52:42] EDIT analytics/views/dash/timeline.html: 0
[2012-11-13 19:53:18] EDIT analytics/views/dash/timeline.html: 0
[2012-11-13 19:54:22] EDIT analytics/views/dash/timeline.html: 0
[2012-11-13 19:55:05] EDIT analytics/views/dash/timeline.html: 0
[2012-11-13 19:55:12] EDIT analytics/views/dash/timeline.html: 0
[2012-11-13 19:55:35] EDIT analytics/views/dash/timeline.html: 0
[2012-11-13 19:55:45] EDIT analytics/views/dash/timeline.html: 0
[2012-11-13 19:55:55] EDIT analytics/views/dash/timeline.html: 1
[2012-11-13 19:56:37] EDIT analytics/views/dash/timeline.html: 1
[2012-11-13 19:56:50] EDIT analytics/views/dash/timeline.html: 0
[2012-11-13 19:56:59] EDIT analytics/views/dash/timeline.html: 0
[2012-11-13 19:57:08] EDIT analytics/views/dash/timeline.html: -1
[2012-11-13 19:57:11] EDIT analytics/views/dash/timeline.html: 0
[2012-11-13 19:57:51] EDIT analytics/views/dash/timeline.html: 1
[2012-11-13 19:57:54] EDIT analytics/views/dash/timeline.html: 0
[2012-11-13 19:58:12] EDIT analytics/views/dash/timeline.html: 0
[2012-11-13 20:05:27] EDIT analytics/views/dash/timeline.html: 0
[2012-11-13 20:25:07] EDIT analytics/views/dash/timeline.html: -1
[2012-11-13 20:29:57] EDIT analytics/views/dash/timeline.html: 1
[2012-11-13 20:59:41] EDIT analytics/views/dash/timeline.html: 4
[2012-11-13 20:59:53] EDIT analytics/views/dash/timeline.html: 0
[2012-11-13 21:00:03] EDIT analytics/views/dash/timeline.html: 0
[2012-11-13 21:00:36] EDIT analytics/views/dash/timeline.html: 0
[2012-11-13 21:00:50] EDIT analytics/views/dash/timeline.html: 0
[2012-11-13 21:01:20] EDIT analytics/views/dash/timeline.html: 0
[2012-11-13 21:03:22] EDIT analytics/views/dash/timeline.html: 2
[2012-11-13 21:04:44] EDIT analytics/views/dash/timeline.html: 0
[2012-11-13 21:07:03] EDIT analytics/views/dash/timeline.html: 0
[2012-11-13 21:07:43] EDIT analytics/views/dash/timeline.html: 1
[2012-11-13 21:07:56] EDIT analytics/views/dash/timeline.html: 0
[2012-11-13 21:08:56] EDIT analytics/views/dash/timeline.html: 0
[2012-11-13 21:09:13] EDIT analytics/views/dash/timeline.html: 1
[2012-11-13 21:09:23] EDIT analytics/views/dash/timeline.html: 0
[2012-11-13 21:09:40] EDIT analytics/views/dash/timeline.html: 0
[2012-11-13 21:10:02] EDIT analytics/views/dash/timeline.html: 0
[2012-11-13 21:10:18] EDIT analytics/views/dash/timeline.html: 0
[2012-11-13 21:10:53] EDIT analytics/views/dash/timeline.html: 0
[2012-11-13 21:11:02] EDIT analytics/views/dash/timeline.html: 0
[2012-11-13 21:11:15] EDIT analytics/views/dash/timeline.html: 0
[2012-11-13 21:11:22] EDIT analytics/views/dash/timeline.html: 0
[2012-11-13 21:11:32] EDIT analytics/views/dash/timeline.html: 0
[2012-11-13 21:11:38] EDIT analytics/views/dash/timeline.html: 0
[2012-11-13 21:11:54] EDIT analytics/views/dash/timeline.html: 0
[2012-11-13 21:12:25] EDIT analytics/views/dash/timeline.html: 0
[2012-11-13 21:12:40] EDIT analytics/views/dash/timeline.html: 0
[2012-11-13 21:12:53] EDIT analytics/views/dash/timeline.html: 0
[2012-11-13 21:13:03] EDIT analytics/views/dash/timeline.html: 0
[2012-11-13 21:13:12] EDIT analytics/views/dash/timeline.html: 0
[2012-11-13 21:15:21] EDIT analytics/views/dash/timeline.html: 2
[2012-11-13 21:15:32] EDIT analytics/views/dash/timeline.html: 1
[2012-11-13 21:15:34] EDIT analytics/views/dash/timeline.html: 0
[2012-11-13 21:15:44] EDIT analytics/views/dash/timeline.html: 0
[2012-11-13 21:15:51] EDIT analytics/views/dash/timeline.html: 0
[2012-11-13 21:17:06] EDIT analytics/views/dash/timeline.html: 0
[2012-11-13 21:17:09] EDIT analytics/views/dash/timeline.html: 0
[2012-11-13 21:17:14] EDIT analytics/views/dash/timeline.html: 0
[2012-11-13 21:18:36] EDIT analytics/views/dash/timeline.html: 1
[2012-11-13 21:19:07] EDIT analytics/views/dash/timeline.html: 0
[2012-11-13 21:19:29] EDIT analytics/views/dash/timeline.html: -5
[2012-11-13 21:19:49] EDIT analytics/views/dash/timeline.html: 0
[2012-11-13 21:19:51] EDIT analytics/views/dash/timeline.html: 0
[2012-11-13 21:19:55] EDIT analytics/views/dash/timeline.html: 0
[2012-11-13 21:20:26] EDIT analytics/views/dash/timeline.html: -1
[2012-11-13 21:20:38] EDIT analytics/views/dash/timeline.html: 1
[2012-11-13 21:20:45] EDIT analytics/views/dash/timeline.html: 0
[2012-11-13 21:22:14] EDIT analytics/views/dash/timeline.html: 0
[2012-11-13 21:22:31] EDIT analytics/views/dash/timeline.html: 0
[2012-11-13 22:15:24] EDIT analytics/views/dash_layout.html: 2
[2012-11-13 22:21:28] EDIT analytics/views/dash_layout.html: 5
[2012-11-13 22:25:37] EDIT analytics/views/dash_layout.html: 12
[2012-11-13 22:27:54] EDIT analytics/views/dash_layout.html: -1
[2012-11-13 22:29:14] EDIT analytics/views/dash_layout.html: 1
[2012-11-13 22:29:18] EDIT analytics/views/dash_layout.html: -2
[2012-11-13 22:35:26] EDIT analytics/views/dash_layout.html: 0
[2012-11-13 22:36:14] EDIT analytics/views/dash_layout.html: 0
[2012-11-13 22:36:22] EDIT analytics/views/dash_layout.html: 0
[2012-11-13 22:36:25] EDIT analytics/views/dash_layout.html: 0
[2012-11-13 22:36:33] EDIT analytics/views/dash_layout.html: 0
[2012-11-13 22:36:58] EDIT analytics/views/dash_layout.html: 0
[2012-11-13 22:37:15] EDIT analytics/views/dash_layout.html: 0
[2012-11-13 22:37:34] EDIT analytics/views/dash_layout.html: 1
[2012-11-13 22:39:26] EDIT analytics/views/dash_layout.html: 1
[2012-11-13 22:39:31] EDIT analytics/views/dash_layout.html: 0
[2012-11-13 22:41:40] EDIT analytics/views/dash_layout.html: 0
[2012-11-13 22:42:04] EDIT analytics/views/dash_layout.html: 0
[2012-11-13 22:42:18] EDIT analytics/views/dash_layout.html: 0
[2012-11-13 22:42:29] EDIT analytics/views/dash_layout.html: 0
[2012-11-13 22:46:28] EDIT analytics/views/dash_layout.html: 0
[2012-11-13 22:46:41] EDIT analytics/views/dash_layout.html: 0
[2012-11-13 22:48:09] EDIT analytics/views/dash_layout.html: 0
[2012-11-13 22:49:00] EDIT analytics/views/dash/timeline.html: 0
[2012-11-13 22:49:26] EDIT analytics/views/dash/top10.html: 1
[2012-11-13 22:50:20] EDIT analytics/views/dash/top10.html: 2
[2012-11-13 22:50:40] EDIT analytics/views/dash/top10.html: 0
[2012-11-13 22:50:57] EDIT analytics/views/dash/top10.html: 0
[2012-11-13 22:53:08] EDIT analytics/views/dash/top10.html: 0
[2012-11-13 22:53:12] EDIT analytics/views/dash/top10.html: 0
[2012-11-13 22:53:27] EDIT analytics/views/dash/top10.html: 1
[2012-11-13 22:53:29] EDIT analytics/views/dash/top10.html: 0
[2012-11-13 22:53:39] EDIT analytics/views/dash/top10.html: 0
[2012-11-13 22:54:43] EDIT analytics/views/dash/top10.html: 0
[2012-11-13 22:54:53] EDIT analytics/views/dash/top10.html: 0
[2012-11-13 22:55:05] EDIT analytics/views/dash/top10.html: 0
[2012-11-13 22:55:36] EDIT analytics/views/dash/timeline.html: 0
[2012-11-13 22:55:58] EDIT analytics/views/dash/top10.html: 0
[2012-11-13 22:56:03] EDIT analytics/views/dash/top10.html: 0
[2012-11-13 22:56:18] EDIT analytics/views/dash/top10.html: 0
[2012-11-13 22:57:19] EDIT analytics/views/dash/top10.html: 0
[2012-11-13 22:57:47] EDIT analytics/views/dash/top10.html: 0
[2012-11-13 22:58:24] EDIT analytics/views/dash/top10.html: 0
[2012-11-13 22:58:31] EDIT analytics/views/dash/top10.html: 0
[2012-11-13 22:58:37] EDIT analytics/views/dash/top10.html: 0
[2012-11-13 22:59:27] EDIT analytics/views/dash/top10.html: 0
[2012-11-13 22:59:41] EDIT analytics/views/dash/top10.html: 0
[2012-11-13 22:59:52] EDIT analytics/views/dash/top10.html: 0
[2012-11-13 23:00:08] EDIT analytics/views/dash/top10.html: 0
[2012-11-13 23:01:42] EDIT analytics/views/dash/top10.html: 4
[2012-11-13 23:01:51] EDIT analytics/views/dash/top10.html: 1
[2012-11-13 23:02:02] EDIT analytics/views/dash/top10.html: 0
[2012-11-13 23:02:22] EDIT analytics/views/dash/top10.html: 1
[2012-11-13 23:02:36] EDIT analytics/views/dash/top10.html: 1
[2012-11-13 23:03:00] EDIT analytics/views/dash/top10.html: 0
[2012-11-13 23:04:04] EDIT analytics/views/dash/top10.html: 0
[2012-11-13 23:04:08] EDIT analytics/views/dash/timeline.html: 0
[2012-11-13 23:06:18] EDIT analytics/views/dash/t_topics.html: 0
[2012-11-14 11:42:06] EDIT analytics/views/dash/top10.html: 0
[2012-11-14 11:46:41] EDIT analytics/views/dash/top10.html: 0
[2012-11-14 11:54:38] EDIT analytics/views/dash/timeline.html: 4
[2012-11-14 11:55:33] EDIT analytics/views/dash/timeline.html: 0
[2012-11-14 11:56:57] EDIT analytics/views/dash/timeline.html: 0
[2012-11-14 11:57:00] EDIT analytics/views/dash/timeline.html: 0
[2012-11-14 11:57:13] EDIT analytics/views/dash/timeline.html: 0
[2012-11-14 11:58:39] EDIT analytics/views/dash/timeline.html: 1
[2012-11-14 12:00:18] EDIT analytics/views/dash/timeline.html: 2
[2012-11-14 12:00:55] EDIT analytics/views/dash/timeline.html: 1
[2012-11-14 12:01:21] EDIT analytics/views/dash/timeline.html: 0
[2012-11-14 12:01:27] EDIT analytics/views/dash/timeline.html: 0
[2012-11-14 12:02:10] EDIT analytics/views/dash/timeline.html: 0
[2012-11-14 12:04:10] EDIT analytics/views/dash/timeline.html: 7
[2012-11-14 12:04:42] EDIT analytics/views/dash/timeline.html: 0
[2012-11-14 12:04:47] EDIT analytics/views/dash/timeline.html: 0
[2012-11-14 12:05:01] EDIT analytics/views/dash/timeline.html: 0
[2012-11-14 12:06:00] EDIT analytics/views/dash/timeline.html: 0
[2012-11-14 12:06:23] EDIT analytics/views/dash/timeline.html: -6
[2012-11-14 12:07:04] EDIT analytics/views/dash/timeline.html: 0
[2012-11-14 12:07:51] EDIT analytics/views/dash/timeline.html: 0
[2012-11-14 12:07:56] EDIT analytics/views/dash/timeline.html: 0
[2012-11-14 12:08:22] EDIT analytics/views/dash/timeline.html: 1
[2012-11-14 12:09:43] EDIT analytics/views/dash/timeline.html: 5
[2012-11-14 12:10:09] EDIT analytics/views/dash/timeline.html: 0
[2012-11-14 12:10:13] EDIT analytics/views/dash/timeline.html: 0
[2012-11-14 12:10:48] EDIT analytics/views/dash/timeline.html: 0
[2012-11-14 12:12:26] EDIT analytics/views/dash/timeline.html: 0
[2012-11-14 12:13:35] EDIT analytics/views/dash/timeline.html: 0
[2012-11-14 12:15:43] EDIT analytics/views/dash/timeline.html: 0
[2012-11-14 12:18:17] EDIT analytics/views/dash/timeline.html: 1
[2012-11-14 12:18:37] EDIT analytics/views/dash/timeline.html: 0
[2012-11-14 12:18:46] EDIT analytics/views/dash/timeline.html: 0
[2012-11-14 12:18:57] EDIT analytics/views/dash/timeline.html: 0
[2012-11-14 12:19:23] EDIT analytics/views/dash/timeline.html: -1
[2012-11-14 12:20:12] EDIT analytics/views/dash/timeline.html: 0
[2012-11-14 12:20:20] EDIT analytics/views/dash/timeline.html: -1
[2012-11-14 12:20:22] EDIT analytics/views/dash/timeline.html: 0
[2012-11-14 12:20:24] EDIT analytics/views/dash/timeline.html: 0
[2012-11-14 12:20:40] EDIT analytics/views/dash/timeline.html: 0
[2012-11-14 12:20:59] EDIT analytics/views/dash/timeline.html: 0
[2012-11-14 12:21:07] EDIT analytics/views/dash/timeline.html: 0
[2012-11-14 12:22:51] EDIT analytics/views/dash/timeline.html: 3
[2012-11-14 12:23:25] EDIT analytics/views/dash/timeline.html: 0
[2012-11-14 12:23:50] EDIT analytics/views/dash/timeline.html: 0
[2012-11-14 12:24:26] EDIT analytics/views/dash/timeline.html: 0
[2012-11-14 12:24:44] EDIT analytics/views/dash/timeline.html: 0
[2012-11-14 12:25:30] EDIT analytics/views/dash/timeline.html: 0
[2012-11-14 12:25:49] EDIT analytics/views/dash/timeline.html: 0
[2012-11-14 12:26:06] EDIT analytics/views/dash/timeline.html: 0
[2012-11-14 12:28:02] EDIT analytics/views/dash/timeline.html: -1
[2012-11-14 12:28:14] EDIT analytics/views/dash/timeline.html: 0
[2012-11-14 12:28:18] EDIT analytics/views/dash/timeline.html: 0
[2012-11-14 12:28:24] EDIT analytics/views/dash/timeline.html: 0
[2012-11-14 12:28:38] EDIT analytics/views/dash/timeline.html: 0
[2012-11-14 12:28:40] EDIT analytics/views/dash/timeline.html: 0
[2012-11-14 12:28:55] EDIT analytics/views/dash/timeline.html: 0
[2012-11-14 12:29:07] EDIT analytics/views/dash/timeline.html: 0
[2012-11-14 13:02:56] EDIT analytics/views/dash/timeline.html: 0
[2012-11-14 15:58:01] EDIT analytics/views/dash/top10.html: -7
[2012-11-14 16:08:50] EDIT analytics/views/dash/top10.html: 1
[2012-11-14 16:09:07] EDIT analytics/views/dash/top10.html: 0
[2012-11-14 16:09:21] EDIT analytics/views/dash/top10.html: 0
[2012-11-14 16:09:38] EDIT analytics/views/dash/top10.html: 0
[2012-11-14 16:10:09] EDIT analytics/views/dash/top10.html: 0
[2012-11-14 16:10:23] EDIT analytics/views/dash/top10.html: 0
[2012-11-14 16:12:04] EDIT analytics/views/dash/timeline.html: -2
[2012-11-14 16:30:25] EDIT analytics/views/dash/top10.html: -1
[2012-11-14 16:46:42] EDIT analytics/views/dash_layout.html: -1
[2012-11-14 16:46:53] EDIT analytics/views/dash_layout.html: 0
[2012-11-14 16:47:13] EDIT analytics/views/dash_layout.html: 0
[2012-11-14 16:47:43] EDIT analytics/views/dash_layout.html: 0
[2012-11-14 16:51:49] EDIT analytics/views/dash_layout.html: 1
[2012-11-14 16:52:28] EDIT analytics/views/dash_layout.html: 1
[2012-11-14 16:53:17] EDIT analytics/views/dash_layout.html: 0
[2012-11-14 17:22:45] EDIT analytics/views/dash_layout.html: 0
[2012-11-14 17:24:20] EDIT analytics/views/dash_layout.html: 0
[2012-11-14 17:24:34] EDIT analytics/views/dash_layout.html: 0
[2012-11-14 17:24:48] EDIT analytics/views/dash_layout.html: 1
[2012-11-14 17:24:55] EDIT analytics/views/dash_layout.html: 0
[2012-11-14 17:25:00] EDIT analytics/views/dash_layout.html: 0
[2012-11-14 17:25:31] EDIT analytics/views/dash_layout.html: 0
[2012-11-14 17:26:33] EDIT analytics/views/dash_layout.html: 0
[2012-11-14 17:26:38] EDIT analytics/views/dash_layout.html: 0
[2012-11-14 17:28:02] EDIT analytics/views/dash_layout.html: 1
[2012-11-14 17:29:17] EDIT analytics/views/dash_layout.html: 5
[2012-11-14 17:30:35] EDIT analytics/views/dash_layout.html: 4
[2012-11-14 17:30:50] EDIT analytics/views/dash_layout.html: 2
[2012-11-14 17:31:19] EDIT analytics/views/dash_layout.html: 6
[2012-11-14 17:31:20] EDIT analytics/views/dash_layout.html: 0
[2012-11-14 17:33:44] EDIT analytics/views/dash/timeline.html: 0
[2012-11-14 17:33:53] EDIT analytics/views/dash/timeline.html: 0
[2012-11-14 17:34:16] EDIT analytics/views/dash/timeline.html: 1
[2012-11-14 17:35:33] EDIT analytics/views/dash/timeline.html: -2
[2012-11-14 17:35:58] EDIT analytics/views/dash/timeline.html: 0
[2012-11-14 17:36:13] EDIT analytics/views/dash/timeline.html: 0
[2012-11-14 17:37:37] EDIT analytics/views/dash_layout.html: 25
[2012-11-14 17:37:40] EDIT analytics/views/dash_layout.html: 0
[2012-11-14 17:39:09] EDIT analytics/views/dash/timeline.html: 1
[2012-11-14 17:39:54] EDIT analytics/views/dash/timeline.html: 0
[2012-11-14 17:40:19] EDIT analytics/views/dash_layout.html: 0
[2012-11-14 17:40:25] EDIT analytics/views/dash_layout.html: 0
[2012-11-14 17:40:59] EDIT analytics/views/dash_layout.html: -1
[2012-11-14 17:41:21] EDIT analytics/views/dash_layout.html: 24
[2012-11-14 17:41:29] EDIT analytics/views/dash_layout.html: 0
[2012-11-14 17:41:38] EDIT analytics/views/dash_layout.html: 24
[2012-11-14 17:41:53] EDIT analytics/views/dash_layout.html: 24
[2012-11-14 17:41:55] EDIT analytics/views/dash_layout.html: 0
[2012-11-14 17:42:39] EDIT analytics/views/dash/timeline.html: 0
[2012-11-14 17:55:38] EDIT analytics/views/dash/top10.html: 5
[2012-11-14 17:57:21] EDIT analytics/views/dash/top10.html: 5
[2012-11-14 17:57:53] EDIT analytics/views/dash/top10.html: 0
[2012-11-14 17:58:29] EDIT analytics/views/dash/top10.html: 0
[2012-11-14 17:59:20] EDIT analytics/views/dash/top10.html: 0
[2012-11-14 18:00:26] EDIT analytics/views/dash/top10.html: 1
[2012-11-14 18:00:32] EDIT analytics/views/dash/top10.html: 0
[2012-11-14 18:01:12] EDIT analytics/views/dash/top10.html: 0
[2012-11-14 18:01:51] EDIT analytics/views/dash/top10.html: 0
[2012-11-14 18:02:44] EDIT analytics/views/dash/top10.html: 1
[2012-11-14 18:02:49] EDIT analytics/views/dash/top10.html: 0
[2012-11-14 18:02:55] EDIT analytics/views/dash/top10.html: 0
[2012-11-14 18:05:32] EDIT analytics/views/dash/top10.html: 0
[2012-11-14 18:06:10] EDIT analytics/views/dash/top10.html: 0
[2012-11-14 18:06:11] EDIT analytics/views/dash/top10.html: 0
[2012-11-14 18:06:44] EDIT analytics/views/dash/top10.html: -1
[2012-11-14 18:08:23] EDIT analytics/views/dash/top10.html: 0
[2012-11-14 18:13:16] EDIT analytics/views/dash/top10.html: 1
[2012-11-14 18:13:27] EDIT analytics/views/dash/top10.html: 1
[2012-11-14 18:15:28] EDIT analytics/views/dash/top10.html: 1
[2012-11-14 18:16:19] EDIT analytics/views/dash/top10.html: 2
[2012-11-14 18:16:29] EDIT analytics/views/dash/top10.html: 1
[2012-11-14 18:17:32] EDIT analytics/views/dash/top10.html: 0
[2012-11-14 18:18:07] EDIT analytics/views/dash/top10.html: 0
[2012-11-14 18:18:30] EDIT analytics/views/dash/top10.html: 0
[2012-11-14 18:18:33] EDIT analytics/views/dash/top10.html: 0
[2012-11-14 18:30:30] EDIT analytics/views/dash/top10.html: 2
[2012-11-14 18:30:49] EDIT analytics/views/dash/top10.html: -1
[2012-11-14 18:31:16] EDIT analytics/views/dash/top10.html: 0
[2012-11-14 18:32:51] EDIT analytics/views/dash/top10.html: 0
[2012-11-14 18:34:09] EDIT analytics/views/dash/top10.html: 0
[2012-11-14 18:37:11] EDIT analytics/views/dash/top10.html: 0
[2012-11-14 18:38:03] EDIT analytics/views/dash/top10.html: 0
[2012-11-14 18:39:49] EDIT analytics/views/dash/top10.html: 0
[2012-11-14 18:40:21] EDIT analytics/views/dash/top10.html: 0
[2012-11-14 18:40:36] EDIT analytics/views/dash/top10.html: 0
[2012-11-14 18:40:57] EDIT analytics/views/dash/top10.html: 0
[2012-11-14 18:44:16] EDIT analytics/views/dash/top10.html: 0
[2012-11-14 18:45:00] EDIT analytics/views/dash/top10.html: 0
[2012-11-14 18:45:09] EDIT analytics/views/dash/top10.html: 0
[2012-11-14 18:45:43] EDIT analytics/views/dash/top10.html: 0
[2012-11-14 18:50:47] EDIT analytics/controllers/default.py: 14
[2012-11-14 18:52:01] EDIT analytics/controllers/default.py: -1
[2012-11-14 18:52:04] EDIT analytics/controllers/default.py: 0
[2012-11-14 18:52:08] EDIT analytics/controllers/default.py: 0
[2012-11-14 18:52:34] EDIT analytics/controllers/default.py: 0
[2012-11-14 18:54:18] EDIT analytics/views/dash/top10.html: 1
[2012-11-14 18:54:54] EDIT analytics/views/dash/top10.html: 0
[2012-11-14 18:55:55] EDIT analytics/controllers/dash.py: 0
[2012-11-14 18:59:13] EDIT analytics/views/dash/top10.html: 0
[2012-11-14 18:59:19] EDIT analytics/controllers/default.py: 0
[2012-11-14 18:59:29] EDIT analytics/controllers/default.py: 0
[2012-11-14 18:59:32] EDIT analytics/controllers/default.py: 0
[2012-11-14 19:00:11] EDIT analytics/views/dash/top10.html: 2
[2012-11-14 19:00:17] EDIT analytics/views/dash/top10.html: 0
[2012-11-14 19:01:02] EDIT analytics/views/dash/top10.html: 0
[2012-11-14 19:02:37] EDIT analytics/views/dash/top10.html: 0
[2012-11-14 19:02:47] EDIT analytics/views/dash/top10.html: 0
[2012-11-14 19:04:02] EDIT analytics/views/dash/top10.html: 0
[2012-11-14 19:06:05] EDIT analytics/controllers/default.py: 0
[2012-11-14 19:06:13] EDIT analytics/views/dash/top10.html: 0
[2012-11-14 19:06:49] EDIT analytics/views/dash/top10.html: 0
[2012-11-14 19:07:06] EDIT analytics/controllers/default.py: -13
[2012-11-14 19:08:17] EDIT analytics/controllers/dash.py: 13
[2012-11-14 19:08:28] EDIT analytics/views/dash/top10.html: 0
[2012-11-14 19:09:30] EDIT analytics/views/dash/top10.html: 0
[2012-11-14 19:09:51] EDIT analytics/views/dash/top10.html: 0
[2012-11-14 19:11:49] EDIT analytics/views/dash/top10.html: 0
[2012-11-14 19:15:12] EDIT analytics/views/dash/top10.html: 1
[2012-11-14 19:15:32] EDIT analytics/views/dash/top10.html: 0
[2012-11-14 19:15:40] EDIT analytics/views/dash/top10.html: 0
[2012-11-14 19:16:15] EDIT analytics/views/dash/top10.html: 0
[2012-11-14 19:16:33] EDIT analytics/views/dash/top10.html: 0
[2012-11-14 19:16:51] EDIT analytics/views/dash/top10.html: 0
[2012-11-14 19:17:03] EDIT analytics/views/dash/top10.html: 0
[2012-11-14 19:17:24] EDIT analytics/views/dash/top10.html: 0
[2012-11-14 19:17:56] EDIT analytics/views/dash/top10.html: 0
[2012-11-14 19:18:18] EDIT analytics/views/dash/top10.html: 0
[2012-11-14 19:18:34] EDIT analytics/views/dash/top10.html: 0
[2012-11-14 19:19:04] EDIT analytics/views/dash/top10.html: 0
[2012-11-14 19:19:11] EDIT analytics/views/dash/top10.html: 0
[2012-11-14 19:19:15] EDIT analytics/views/dash/top10.html: 0
[2012-11-14 19:19:18] EDIT analytics/views/dash/top10.html: 0
[2012-11-14 19:19:19] EDIT analytics/views/dash/top10.html: 0
[2012-11-14 19:19:20] EDIT analytics/views/dash/top10.html: 0
[2012-11-14 19:19:38] EDIT analytics/views/dash/top10.html: 0
[2012-11-14 19:20:05] EDIT analytics/views/dash/top10.html: 0
[2012-11-14 19:20:17] EDIT analytics/views/dash/top10.html: 0
[2012-11-14 19:20:25] EDIT analytics/views/dash/top10.html: 0
[2012-11-14 19:20:58] EDIT analytics/views/dash/top10.html: -3
[2012-11-14 19:21:03] EDIT analytics/views/dash/top10.html: 0
[2012-11-14 19:21:16] EDIT analytics/views/dash/top10.html: 0
[2012-11-14 19:25:22] EDIT analytics/views/dash_layout.html: -1
[2012-11-14 19:25:35] EDIT analytics/views/dash_layout.html: 0
[2012-11-14 19:26:07] EDIT analytics/views/dash_layout.html: 0
[2012-11-14 19:35:29] EDIT analytics/views/dash/top10.html: 0
[2012-11-14 19:36:15] EDIT analytics/controllers/dash.py: 0
[2012-11-14 19:36:34] EDIT analytics/controllers/dash.py: 0
[2012-11-14 19:38:18] EDIT analytics/controllers/dash.py: -9
[2012-11-14 19:38:54] CREATE dash/top10_helper.html: 0
[2012-11-14 19:39:10] EDIT analytics/views/dash/top10_helper.html: -2
[2012-11-14 19:39:49] EDIT analytics/views/dash/top10_helper.html: 10
[2012-11-14 19:40:38] EDIT analytics/views/dash/top10.html: 0
[2012-11-14 19:40:43] EDIT analytics/views/dash/top10.html: 0
[2012-11-14 19:40:54] EDIT analytics/views/dash/top10.html: 0
[2012-11-14 19:41:28] EDIT analytics/views/dash/top10.html: 0
[2012-11-14 19:43:18] EDIT analytics/views/dash/top10.html: 0
[2012-11-14 19:43:31] EDIT analytics/views/dash/top10_helper.html: 4
[2012-11-14 19:43:47] EDIT analytics/views/dash/top10_helper.html: 1
[2012-11-14 19:44:21] EDIT analytics/views/dash/top10.html: -3
[2012-11-14 19:47:05] EDIT analytics/controllers/dash.py: 0
[2012-11-14 19:47:17] EDIT analytics/views/dash/top10_helper.html: 1
[2012-11-14 19:47:35] EDIT analytics/controllers/dash.py: 0
[2012-11-14 19:47:57] EDIT analytics/views/dash/top10_helper.html: 0
[2012-11-14 19:49:32] EDIT analytics/views/dash/top10.html: 0
[2012-11-14 19:51:18] EDIT analytics/views/dash/top10.html: 0
[2012-11-14 19:53:22] EDIT analytics/views/dash/top10.html: 1
[2012-11-14 19:55:06] EDIT analytics/views/dash/top10.html: 0
[2012-11-14 19:55:13] EDIT analytics/views/dash/top10.html: 0
[2012-11-14 19:59:46] EDIT analytics/views/dash/top10.html: 0
[2012-11-14 20:00:19] EDIT analytics/views/dash/top10.html: 0
[2012-11-14 20:00:27] EDIT analytics/views/dash/top10.html: 0
[2012-11-14 20:05:12] EDIT analytics/controllers/dash.py: 2
[2012-11-14 20:07:00] EDIT analytics/controllers/dash.py: 0
[2012-11-14 20:08:37] EDIT analytics/controllers/dash.py: 2
[2012-11-14 20:10:46] EDIT analytics/controllers/dash.py: 6
[2012-11-14 20:11:46] EDIT analytics/views/dash/top10.html: 0
[2012-11-14 20:12:08] EDIT analytics/views/dash/top10.html: 0
[2012-11-14 20:12:49] EDIT analytics/views/default/dashboard.html: 10
[2012-11-14 20:12:55] EDIT analytics/views/default/dashboard.html: -1
[2012-11-14 20:13:02] EDIT analytics/views/default/dashboard.html: 0
[2012-11-14 20:14:33] EDIT analytics/views/dash/top10.html: -16
[2012-11-14 20:14:37] EDIT analytics/views/dash/top10.html: 0
[2012-11-14 20:15:00] EDIT analytics/views/default/dashboard.html: 0
[2012-11-14 20:16:07] EDIT analytics/views/dash/top10.html: 0
[2012-11-14 20:16:11] EDIT analytics/controllers/dash.py: 0
[2012-11-14 20:17:58] EDIT analytics/controllers/dash.py: 0
[2012-11-14 20:18:32] EDIT analytics/views/default/dashboard.html: 0
[2012-11-14 20:19:36] EDIT analytics/controllers/dash.py: -8
[2012-11-14 20:19:53] EDIT analytics/views/default/dashboard.html: 0
[2012-11-14 20:20:02] EDIT analytics/views/default/dashboard.html: 0
[2012-11-14 20:21:39] EDIT analytics/views/default/dashboard.html: 0
[2012-11-14 20:21:47] EDIT analytics/views/default/dashboard.html: 0
[2012-11-14 20:22:06] EDIT analytics/views/default/dashboard.html: 0
[2012-11-14 20:22:14] EDIT analytics/views/default/dashboard.html: 0
[2012-11-14 20:22:56] EDIT analytics/views/default/dashboard.html: 0
[2012-11-14 20:23:55] EDIT analytics/views/dash/top10.html: -1
[2012-11-14 20:24:05] EDIT analytics/views/default/dashboard.html: 1
[2012-11-14 20:24:14] EDIT analytics/views/dash/top10.html: -1
[2012-11-14 20:24:30] EDIT analytics/views/default/dashboard.html: 0
[2012-11-14 20:25:26] EDIT analytics/views/default/dashboard.html: 2
[2012-11-14 20:26:09] EDIT analytics/views/default/dashboard.html: 0
[2012-11-14 20:27:36] EDIT analytics/views/default/dashboard.html: 0
[2012-11-14 20:28:05] EDIT analytics/views/default/dashboard.html: 0
[2012-11-14 20:28:49] EDIT analytics/views/default/dashboard.html: 1
[2012-11-14 20:29:23] EDIT analytics/views/default/dashboard.html: 1
[2012-11-14 20:54:29] DELETE analytics/views/dash/top10_helper.html: -17
[2012-11-14 20:54:40] EDIT analytics/controllers/dash.py: 0
[2012-11-14 20:54:43] EDIT analytics/controllers/dash.py: 0
[2012-11-14 20:54:50] EDIT analytics/controllers/dash.py: 0
[2012-11-14 21:00:46] EDIT analytics/views/default/dashboard.html: 0
[2012-11-14 21:02:00] EDIT analytics/views/default/dashboard.html: 0
[2012-11-14 21:02:01] EDIT analytics/views/default/dashboard.html: 0
[2012-11-14 21:02:04] EDIT analytics/views/default/dashboard.html: 0
[2012-11-14 21:03:22] EDIT analytics/views/default/dashboard.html: 1
[2012-11-14 21:04:26] EDIT analytics/views/default/dashboard.html: 0
[2012-11-14 21:04:32] EDIT analytics/views/default/dashboard.html: 0
[2012-11-14 21:05:43] EDIT analytics/views/default/dashboard.html: 0
[2012-11-14 21:06:56] EDIT analytics/views/default/dashboard.html: 5
[2012-11-14 21:07:26] EDIT analytics/views/default/dashboard.html: 0
[2012-11-14 21:07:31] EDIT analytics/views/default/dashboard.html: -1
[2012-11-14 21:07:33] EDIT analytics/views/default/dashboard.html: 0
[2012-11-14 21:07:39] EDIT analytics/views/default/dashboard.html: 0
[2012-11-14 21:08:44] EDIT analytics/views/default/dashboard.html: 1
[2012-11-14 21:08:52] EDIT analytics/views/default/dashboard.html: 0
[2012-11-14 21:09:22] EDIT analytics/views/default/dashboard.html: 0
[2012-11-14 21:09:55] EDIT analytics/views/default/dashboard.html: 1
[2012-11-14 21:09:57] EDIT analytics/views/default/dashboard.html: 0
[2012-11-14 21:09:59] EDIT analytics/views/default/dashboard.html: 0
[2012-11-14 21:10:18] EDIT analytics/views/default/dashboard.html: 0
[2012-11-14 21:10:40] EDIT analytics/views/default/dashboard.html: 0
[2012-11-14 21:10:58] EDIT analytics/views/default/dashboard.html: 0
[2012-11-14 21:11:30] EDIT analytics/views/default/dashboard.html: 0
[2012-11-14 21:11:39] EDIT analytics/views/default/dashboard.html: 1
[2012-11-14 21:12:34] EDIT analytics/views/default/dashboard.html: 0
[2012-11-14 21:13:12] EDIT analytics/views/default/dashboard.html: 0
[2012-11-14 21:14:16] EDIT analytics/views/default/dashboard.html: -1
[2012-11-14 21:14:24] EDIT analytics/views/default/dashboard.html: -1
[2012-11-14 21:16:35] EDIT analytics/controllers/dash.py: 3
[2012-11-14 21:18:02] EDIT analytics/controllers/dash.py: 8
[2012-11-14 21:18:21] EDIT analytics/controllers/dash.py: 0
[2012-11-14 21:18:37] EDIT analytics/controllers/dash.py: 0
[2012-11-14 21:18:40] EDIT analytics/controllers/dash.py: 0
[2012-11-14 21:19:01] EDIT analytics/controllers/dash.py: 0
[2012-11-14 21:19:16] EDIT analytics/controllers/dash.py: 0
[2012-11-14 21:20:03] EDIT analytics/views/default/dashboard.html: -1
[2012-11-14 21:20:17] EDIT analytics/views/default/dashboard.html: 0
[2012-11-14 21:21:02] EDIT analytics/controllers/dash.py: 2
[2012-11-14 21:21:29] EDIT analytics/controllers/dash.py: 0
[2012-11-14 21:21:32] EDIT analytics/controllers/dash.py: 0
[2012-11-14 21:22:17] EDIT analytics/controllers/dash.py: 0
[2012-11-14 21:22:53] EDIT analytics/controllers/dash.py: 0
[2012-11-14 21:24:04] EDIT analytics/controllers/dash.py: 0
[2012-11-14 21:24:27] EDIT analytics/controllers/dash.py: 0
[2012-11-14 21:24:51] EDIT analytics/controllers/dash.py: 0
[2012-11-14 21:25:05] EDIT analytics/controllers/dash.py: 0
[2012-11-14 21:26:12] EDIT analytics/views/default/dashboard.html: 0
[2012-11-14 21:28:43] EDIT analytics/controllers/dash.py: 0
[2012-11-14 21:31:15] EDIT analytics/views/dash/top10.html: 1
[2012-11-14 21:31:21] EDIT analytics/views/dash/top10.html: 1
[2012-11-14 21:31:32] EDIT analytics/views/dash/top10.html: 0
[2012-11-14 21:32:30] EDIT analytics/views/dash/top10.html: 0
[2012-11-14 21:32:37] EDIT analytics/views/dash/top10.html: 0
[2012-11-14 21:32:57] EDIT analytics/views/dash/top10.html: 1
[2012-11-14 21:34:18] EDIT analytics/views/default/dashboard.html: -1
[2012-11-14 21:34:31] EDIT analytics/views/default/dashboard.html: 0
[2012-11-14 21:34:34] EDIT analytics/views/default/dashboard.html: 0
[2012-11-14 21:34:38] EDIT analytics/views/default/dashboard.html: 0
[2012-11-14 21:34:47] EDIT analytics/views/default/dashboard.html: 0
[2012-11-14 21:34:53] EDIT analytics/views/default/dashboard.html: 0
[2012-11-14 21:35:39] EDIT analytics/views/default/dashboard.html: 1
[2012-11-14 21:35:55] EDIT analytics/views/default/dashboard.html: 0
[2012-11-14 21:36:24] EDIT analytics/views/default/dashboard.html: 0
[2012-11-14 21:36:34] EDIT analytics/views/default/dashboard.html: 1
[2012-11-14 21:36:46] EDIT analytics/views/default/dashboard.html: 5
[2012-11-14 21:36:57] EDIT analytics/views/default/dashboard.html: 0
[2012-11-14 21:37:12] EDIT analytics/views/default/dashboard.html: 0
[2012-11-14 21:37:27] EDIT analytics/views/default/dashboard.html: 0
[2012-11-14 21:37:31] EDIT analytics/views/default/dashboard.html: 0
[2012-11-14 21:37:53] EDIT analytics/views/default/dashboard.html: 0
[2012-11-14 21:38:50] EDIT analytics/controllers/dash.py: 0
[2012-11-14 21:38:55] EDIT analytics/controllers/dash.py: 0
[2012-11-14 21:40:45] EDIT analytics/controllers/dash.py: 15
[2012-11-14 21:41:01] EDIT analytics/controllers/dash.py: 1
[2012-11-14 21:41:32] EDIT analytics/controllers/dash.py: 0
[2012-11-14 21:42:00] EDIT analytics/controllers/dash.py: 0
[2012-11-14 21:43:02] EDIT analytics/views/default/dashboard.html: 0
[2012-11-14 21:43:54] EDIT analytics/views/dash/top10.html: 0
[2012-11-14 21:54:36] EDIT analytics/views/dash/timeline.html: 0
[2012-11-14 22:02:17] EDIT analytics/views/dash_layout.html: 0
[2012-11-14 22:03:18] EDIT analytics/views/dash_layout.html: -1
[2012-11-14 22:03:33] EDIT analytics/views/dash_layout.html: -2
[2012-11-14 22:05:52] EDIT analytics/views/default/dashboard.html: 122
[2012-11-14 22:06:09] EDIT analytics/views/dash_layout.html: -122
[2012-11-14 22:31:55] EDIT analytics/views/default/dashboard.html: 1
[2012-11-14 22:33:08] EDIT analytics/views/default/dashboard.html: 0
[2012-11-14 22:33:15] EDIT analytics/views/default/dashboard.html: 0
[2012-11-14 22:33:56] EDIT analytics/views/default/dashboard.html: 1
[2012-11-14 22:34:19] EDIT analytics/views/default/dashboard.html: 0
[2012-11-14 22:40:29] EDIT analytics/views/default/dashboard.html: 4
[2012-11-14 22:40:50] EDIT analytics/views/default/dashboard.html: 1
[2012-11-14 22:42:01] EDIT analytics/views/default/dashboard.html: 0
[2012-11-14 22:42:29] EDIT analytics/views/default/dashboard.html: -2
[2012-11-14 22:42:43] EDIT analytics/views/default/dashboard.html: 0
[2012-11-14 22:44:11] EDIT analytics/views/default/dashboard.html: 0
[2012-11-14 22:45:54] EDIT analytics/views/default/dashboard.html: 2
[2012-11-14 22:46:21] EDIT analytics/views/default/dashboard.html: 1
[2012-11-14 22:46:57] EDIT analytics/views/default/dashboard.html: 1
[2012-11-14 22:47:35] EDIT analytics/views/default/dashboard.html: 0
[2012-11-14 22:49:02] EDIT analytics/views/default/dashboard.html: 2
[2012-11-14 22:49:36] EDIT analytics/views/default/dashboard.html: 6
[2012-11-14 22:49:46] EDIT analytics/views/default/dashboard.html: 3
[2012-11-14 22:50:25] EDIT analytics/views/default/dashboard.html: 21
[2012-11-14 22:50:41] EDIT analytics/views/default/dashboard.html: 0
[2012-11-14 22:52:53] EDIT analytics/views/dash/timeline.html: 7
[2012-11-14 23:00:25] EDIT analytics/views/dash/timeline.html: 0
[2012-11-14 23:03:18] EDIT analytics/views/dash/t_topics.html: 7
[2012-11-14 23:13:38] EDIT analytics/views/dash/t_topics.html: 2
[2012-11-14 23:14:43] EDIT analytics/views/dash/t_topics.html: 0
[2012-11-14 23:14:49] EDIT analytics/views/dash/t_topics.html: 0
[2012-11-14 23:15:21] EDIT analytics/views/dash/t_topics.html: 0
[2012-11-14 23:16:06] EDIT analytics/views/dash/t_topics.html: 0
[2012-11-14 23:17:37] EDIT analytics/views/dash/t_topics.html: 1
[2012-11-14 23:22:01] EDIT analytics/controllers/dash.py: 0
[2012-11-14 23:22:50] EDIT analytics/controllers/dash.py: 0
[2012-11-14 23:22:59] EDIT analytics/controllers/dash.py: 0
[2012-11-14 23:23:14] EDIT analytics/controllers/dash.py: 0
[2012-11-14 23:23:24] EDIT analytics/views/dash/t_topics.html: 0
[2012-11-14 23:23:41] EDIT analytics/views/dash/t_topics.html: 0
[2012-11-14 23:25:26] EDIT analytics/views/dash/t_topics.html: 0
[2012-11-14 23:25:38] EDIT analytics/views/dash/t_topics.html: 0
[2012-11-14 23:25:56] EDIT analytics/views/dash/t_topics.html: 0
[2012-11-14 23:26:30] EDIT analytics/views/dash/t_topics.html: 0
[2012-11-14 23:26:44] EDIT analytics/views/dash/t_topics.html: 0
[2012-11-14 23:27:14] EDIT analytics/views/dash/t_topics.html: 0
[2012-11-14 23:27:33] EDIT analytics/views/dash/t_topics.html: 0
[2012-11-14 23:28:05] EDIT analytics/views/dash/t_topics.html: 0
[2012-11-14 23:28:30] EDIT analytics/views/dash/t_topics.html: 0
[2012-11-14 23:29:22] EDIT analytics/views/dash/t_topics.html: -7
[2012-11-14 23:29:33] EDIT analytics/views/dash/t_topics.html: 0
[2012-11-14 23:30:52] EDIT analytics/views/dash/t_topics.html: 0
[2012-11-14 23:32:20] EDIT analytics/views/dash/t_topics.html: 0
[2012-11-14 23:32:22] EDIT analytics/views/dash/t_topics.html: 1
[2012-11-14 23:32:35] EDIT analytics/views/dash/t_topics.html: -1
[2012-11-14 23:33:01] EDIT analytics/views/dash/t_topics.html: 0
[2012-11-14 23:33:25] EDIT analytics/views/dash/t_topics.html: 0
[2012-11-14 23:34:33] EDIT analytics/views/dash/t_topics.html: 2
[2012-11-14 23:34:53] EDIT analytics/views/dash/t_topics.html: 0
[2012-11-14 23:35:35] EDIT analytics/views/dash/t_topics.html: 1
[2012-11-14 23:35:53] EDIT analytics/views/dash/t_topics.html: 1
[2012-11-14 23:36:29] EDIT analytics/views/dash/t_topics.html: 0
[2012-11-14 23:40:13] EDIT analytics/views/dash/t_topics.html: 0
[2012-11-14 23:40:27] EDIT analytics/views/dash/t_topics.html: 0
[2012-11-14 23:40:48] EDIT analytics/views/dash/t_topics.html: 0
[2012-11-14 23:41:48] EDIT analytics/views/dash/t_topics.html: 1
[2012-11-14 23:43:25] EDIT analytics/views/dash/t_topics.html: 1
[2012-11-14 23:44:02] EDIT analytics/views/dash/t_topics.html: 0
[2012-11-14 23:51:04] EDIT analytics/views/dash/t_topics.html: 0
[2012-11-14 23:51:30] EDIT analytics/views/dash/t_topics.html: 0
[2012-11-14 23:52:34] EDIT analytics/views/dash/t_topics.html: 0
[2012-11-14 23:53:30] EDIT analytics/views/dash/t_topics.html: 0
[2012-11-15 00:23:06] EDIT analytics/views/dash/t_topics.html: -5
[2012-11-15 00:23:35] EDIT analytics/views/dash/t_topics.html: 2
[2012-11-15 00:23:46] EDIT analytics/views/dash/t_topics.html: 0
[2012-11-15 00:24:43] EDIT analytics/views/dash/t_topics.html: 3
[2012-11-15 00:24:51] EDIT analytics/views/dash/t_topics.html: 0
[2012-11-15 00:25:50] EDIT analytics/views/dash/t_topics.html: 0
[2012-11-15 00:28:20] EDIT analytics/views/dash/t_topics.html: 0
[2012-11-15 00:41:26] EDIT analytics/views/dash/t_topics.html: 5
[2012-11-15 00:41:33] EDIT analytics/views/dash/t_topics.html: -3
[2012-11-15 00:42:17] EDIT analytics/views/dash/t_topics.html: 0
[2012-11-15 00:42:46] EDIT analytics/views/dash/t_topics.html: -4
[2012-11-15 00:43:33] EDIT analytics/views/dash/t_topics.html: 4
[2012-11-15 00:46:16] EDIT analytics/views/dash/t_topics.html: 3
[2012-11-15 00:46:25] EDIT analytics/views/dash/t_topics.html: 0
[2012-11-15 00:46:45] EDIT analytics/views/dash/t_topics.html: 0
[2012-11-15 00:47:07] EDIT analytics/views/dash/t_topics.html: 0
[2012-11-15 00:47:22] EDIT analytics/views/dash/t_topics.html: 0
[2012-11-15 00:50:48] EDIT analytics/views/dash/t_topics.html: 0
[2012-11-15 00:51:01] EDIT analytics/views/dash/t_topics.html: 0
[2012-11-15 00:51:30] EDIT analytics/views/dash/t_topics.html: 0
[2012-11-15 00:52:43] EDIT analytics/views/dash/t_topics.html: 0
[2012-11-15 00:53:01] EDIT analytics/views/dash/t_topics.html: 0
[2012-11-15 00:53:14] EDIT analytics/views/dash/t_topics.html: 0
[2012-11-15 00:53:26] EDIT analytics/views/dash/t_topics.html: 0
[2012-11-15 00:54:07] EDIT analytics/views/dash/t_topics.html: 0
[2012-11-15 00:54:29] EDIT analytics/views/dash/t_topics.html: 1
[2012-11-15 00:56:47] EDIT analytics/views/dash/t_topics.html: 1
[2012-11-15 00:57:52] EDIT analytics/views/dash/t_topics.html: 0
[2012-11-15 01:04:08] EDIT analytics/views/dash/t_topics.html: 0
[2012-11-15 01:04:27] EDIT analytics/views/dash/t_topics.html: 0
[2012-11-15 01:04:36] EDIT analytics/views/dash/t_topics.html: 0
[2012-11-15 01:12:14] EDIT analytics/views/dash/t_topics.html: 12
[2012-11-15 01:12:37] EDIT analytics/views/dash/t_topics.html: 3
[2012-11-15 01:13:05] EDIT analytics/views/dash/t_topics.html: 3
[2012-11-15 01:13:12] EDIT analytics/views/dash/t_topics.html: 0
[2012-11-15 01:13:48] EDIT analytics/views/dash/t_topics.html: 3
[2012-11-15 01:14:07] EDIT analytics/views/dash/t_topics.html: 0
[2012-11-15 01:14:19] EDIT analytics/views/dash/t_topics.html: 0
[2012-11-15 01:14:42] EDIT analytics/views/dash/t_topics.html: 0
[2012-11-15 01:14:54] EDIT analytics/views/dash/t_topics.html: 0
[2012-11-15 01:16:38] EDIT analytics/views/dash/t_topics.html: 0
[2012-11-15 01:16:49] EDIT analytics/views/dash/t_topics.html: 0
[2012-11-15 01:18:07] EDIT analytics/views/dash/t_topics.html: -1
[2012-11-15 01:18:39] EDIT analytics/views/dash/t_topics.html: 0
[2012-11-15 01:19:01] EDIT analytics/views/dash/t_topics.html: 0
[2012-11-15 01:19:23] EDIT analytics/views/dash/t_topics.html: 0
[2012-11-15 01:19:40] EDIT analytics/views/dash/t_topics.html: 0
[2012-11-15 01:21:00] EDIT analytics/views/dash/t_topics.html: 0
[2012-11-15 01:21:31] EDIT analytics/views/dash/t_topics.html: 0
[2012-11-15 01:21:52] EDIT analytics/views/dash/t_topics.html: 0
[2012-11-15 01:21:54] EDIT analytics/views/dash/t_topics.html: 0
[2012-11-15 01:23:38] EDIT analytics/views/dash/t_topics.html: 1
[2012-11-15 01:26:30] EDIT analytics/views/dash/t_topics.html: 4
[2012-11-15 01:26:47] EDIT analytics/views/dash/t_topics.html: 4
[2012-11-15 01:27:01] EDIT analytics/views/dash/t_topics.html: -1
[2012-11-15 01:27:18] EDIT analytics/views/dash/t_topics.html: 0
[2012-11-15 01:28:05] EDIT analytics/views/dash/t_topics.html: 0
[2012-11-15 01:28:49] EDIT analytics/views/dash/t_topics.html: 0
[2012-11-15 01:29:07] EDIT analytics/views/dash/t_topics.html: 0
[2012-11-15 01:29:39] EDIT analytics/views/dash/t_topics.html: 0
[2012-11-15 01:29:42] EDIT analytics/views/dash/t_topics.html: 0
[2012-11-15 01:30:51] EDIT analytics/views/dash/t_topics.html: 0
[2012-11-15 01:31:11] EDIT analytics/views/dash/t_topics.html: 0
[2012-11-15 01:31:16] EDIT analytics/views/dash/t_topics.html: 0
[2012-11-15 01:31:38] EDIT analytics/views/dash/t_topics.html: 0
[2012-11-15 01:32:07] EDIT analytics/views/dash/t_topics.html: 0
[2012-11-15 01:33:22] EDIT analytics/views/dash/t_topics.html: -5
[2012-11-15 01:34:32] EDIT analytics/views/dash/t_topics.html: 0
[2012-11-15 01:34:59] EDIT analytics/views/dash/t_topics.html: 0
[2012-11-15 01:35:35] EDIT analytics/views/dash/t_topics.html: -3
[2012-11-15 01:41:17] EDIT analytics/views/dash/t_topics.html: 9
[2012-11-15 01:41:40] EDIT analytics/views/dash/t_topics.html: 0
[2012-11-15 01:42:51] EDIT analytics/views/dash/t_topics.html: 1
[2012-11-15 01:43:24] EDIT analytics/views/dash/t_topics.html: -1
[2012-11-15 01:44:17] EDIT analytics/views/dash/t_topics.html: 1
[2012-11-15 01:44:17] EDIT analytics/views/dash/t_topics.html: 0
[2012-11-15 01:44:17] EDIT analytics/views/dash/t_topics.html: 0
[2012-11-15 01:44:50] EDIT analytics/views/dash/t_topics.html: 0
[2012-11-15 01:46:01] EDIT analytics/views/dash/t_topics.html: 2
[2012-11-15 01:51:17] EDIT analytics/views/dash/t_topics.html: 5
[2012-11-15 01:54:44] EDIT analytics/views/dash/t_topics.html: -1
[2012-11-15 01:54:58] EDIT analytics/views/dash/t_topics.html: 1
[2012-11-15 01:56:05] EDIT analytics/views/dash/t_topics.html: -1
[2012-11-15 01:57:54] EDIT analytics/views/dash/t_topics.html: 0
[2012-11-15 01:58:15] EDIT analytics/views/dash/t_topics.html: 1
[2012-11-15 01:58:49] EDIT analytics/views/dash/t_topics.html: 0
[2012-11-15 02:00:12] EDIT analytics/views/dash/t_topics.html: 0
[2012-11-15 02:00:12] EDIT analytics/views/dash/t_topics.html: 0
[2012-11-15 02:00:12] EDIT analytics/views/dash/t_topics.html: 0
[2012-11-15 02:00:40] EDIT analytics/views/dash/t_topics.html: 1
[2012-11-15 02:01:16] EDIT analytics/views/dash/t_topics.html: 0
[2012-11-15 02:01:29] EDIT analytics/views/dash/t_topics.html: 0
[2012-11-15 02:05:07] EDIT analytics/views/dash/t_topics.html: -7
[2012-11-15 02:05:14] EDIT analytics/views/dash/t_topics.html: 0
[2012-11-15 10:17:03] EDIT analytics/views/dash/timeline.html: 0
[2012-11-15 10:22:53] EDIT analytics/controllers/dash.py: 37
[2012-11-15 10:27:55] EDIT analytics/controllers/dash.py: -4
[2012-11-15 10:28:11] EDIT analytics/controllers/dash.py: 0
[2012-11-15 10:32:53] EDIT analytics/views/default/dashboard.html: -146
[2012-11-15 10:44:10] EDIT analytics/views/default/dashboard.html: 0
[2012-11-15 10:44:12] EDIT analytics/views/default/dashboard.html: 0
[2012-11-15 10:46:10] EDIT analytics/views/dash/timeline.html: 0
[2012-11-15 10:46:31] EDIT analytics/views/dash/timeline.html: 0
[2012-11-15 10:47:42] EDIT analytics/views/dash/timeline.html: 0
[2012-11-15 10:48:34] EDIT analytics/views/dash/timeline.html: 0
[2012-11-15 10:51:26] EDIT analytics/views/dash/timeline.html: -24
[2012-11-15 10:52:35] EDIT analytics/views/default/dashboard.html: 3
[2012-11-15 10:52:42] EDIT analytics/views/default/dashboard.html: 0
[2012-11-15 10:52:55] EDIT analytics/views/default/dashboard.html: 0
[2012-11-15 10:53:35] EDIT analytics/views/default/dashboard.html: -1
[2012-11-15 10:54:03] EDIT analytics/views/default/dashboard.html: 0
[2012-11-15 10:54:16] EDIT analytics/views/default/dashboard.html: 0
[2012-11-15 10:54:24] EDIT analytics/views/default/dashboard.html: 0
[2012-11-15 10:55:43] EDIT analytics/views/default/dashboard.html: 0
[2012-11-15 10:56:02] EDIT analytics/views/default/dashboard.html: -1
[2012-11-15 10:56:18] EDIT analytics/views/default/dashboard.html: 0
[2012-11-15 10:56:33] EDIT analytics/views/default/dashboard.html: 0
[2012-11-15 10:56:35] EDIT analytics/views/default/dashboard.html: 0
[2012-11-15 10:57:00] EDIT analytics/views/default/dashboard.html: 7
[2012-11-15 10:57:04] EDIT analytics/views/default/dashboard.html: 0
[2012-11-15 10:58:12] EDIT analytics/views/default/dashboard.html: -7
[2012-11-15 10:59:17] EDIT analytics/views/default/dashboard.html: 0
[2012-11-15 10:59:37] EDIT analytics/views/default/dashboard.html: -1
[2012-11-15 10:59:39] EDIT analytics/views/default/dashboard.html: 0
[2012-11-15 11:00:34] EDIT analytics/views/default/dashboard.html: -1
[2012-11-15 11:01:13] EDIT analytics/views/default/dashboard.html: 0
[2012-11-15 11:01:53] EDIT analytics/views/default/dashboard.html: 4
[2012-11-15 11:02:24] EDIT analytics/views/default/dashboard.html: 0
[2012-11-15 11:05:46] EDIT analytics/views/default/dashboard.html: 0
[2012-11-15 11:06:20] EDIT analytics/views/default/dashboard.html: 9
[2012-11-15 11:06:38] EDIT analytics/views/default/dashboard.html: 0
[2012-11-15 11:06:49] EDIT analytics/views/default/dashboard.html: 0
[2012-11-15 11:08:25] EDIT analytics/views/default/dashboard.html: 3
[2012-11-15 11:14:01] EDIT analytics/views/default/dashboard.html: 0
[2012-11-15 11:14:07] EDIT analytics/views/default/dashboard.html: 0
[2012-11-15 11:15:53] EDIT analytics/views/default/dashboard.html: -12
[2012-11-15 11:26:35] EDIT analytics/views/dash/timeline.html: 0
[2012-11-15 11:26:46] EDIT analytics/views/dash/timeline.html: 0
[2012-11-15 11:28:52] EDIT analytics/views/default/dashboard.html: 4
[2012-11-15 11:29:23] EDIT analytics/views/default/dashboard.html: 8
[2012-11-15 11:30:13] EDIT analytics/views/default/dashboard.html: -1
[2012-11-15 11:30:26] EDIT analytics/views/default/dashboard.html: 0
[2012-11-15 11:31:10] EDIT analytics/views/default/dashboard.html: 0
[2012-11-15 11:31:21] EDIT analytics/views/default/dashboard.html: 0
[2012-11-15 11:33:26] EDIT analytics/views/dash/timeline.html: 4
[2012-11-15 11:33:29] EDIT analytics/views/dash/timeline.html: 0
[2012-11-15 11:35:12] EDIT analytics/views/dash/timeline.html: 1
[2012-11-15 11:35:17] EDIT analytics/views/dash/timeline.html: 0
[2012-11-15 11:36:19] EDIT analytics/views/dash/timeline.html: 0
[2012-11-15 11:36:50] EDIT analytics/views/dash/timeline.html: 0
[2012-11-15 11:38:20] EDIT analytics/views/default/dashboard.html: -5
[2012-11-15 11:38:25] EDIT analytics/views/default/dashboard.html: 0
[2012-11-15 12:02:06] EDIT analytics/views/default/dashboard.html: 1
[2012-11-15 12:02:35] EDIT analytics/views/default/dashboard.html: 2
[2012-11-15 12:02:52] EDIT analytics/views/default/dashboard.html: 2
[2012-11-15 12:03:03] EDIT analytics/views/default/dashboard.html: 0
[2012-11-15 12:03:13] EDIT analytics/views/default/dashboard.html: 1
[2012-11-15 12:05:45] EDIT analytics/views/default/dashboard.html: 1
[2012-11-15 12:07:07] EDIT analytics/controllers/dash.py: 4
[2012-11-15 12:07:16] EDIT analytics/controllers/dash.py: 0
[2012-11-15 12:07:24] EDIT analytics/controllers/dash.py: 1
[2012-11-15 12:08:49] EDIT analytics/controllers/dash.py: 4
[2012-11-15 12:09:23] EDIT analytics/controllers/dash.py: 0
[2012-11-15 15:15:56] EDIT analytics/controllers/dash.py: 0
[2012-11-15 15:16:52] EDIT analytics/views/dash/timeline.html: 1
[2012-11-15 15:18:28] EDIT analytics/controllers/dash.py: 0
[2012-11-15 15:20:08] EDIT analytics/controllers/dash.py: 0
[2012-11-15 15:21:55] EDIT analytics/controllers/dash.py: 0
[2012-11-15 15:22:04] EDIT analytics/views/dash/timeline.html: 0
[2012-11-15 15:22:27] EDIT analytics/controllers/dash.py: 0
[2012-11-15 15:24:05] EDIT analytics/controllers/dash.py: 0
[2012-11-15 15:24:59] EDIT analytics/controllers/dash.py: 0
[2012-11-15 15:25:05] EDIT analytics/controllers/dash.py: 0
[2012-11-15 15:26:03] EDIT analytics/controllers/dash.py: 0
[2012-11-15 15:26:18] EDIT analytics/controllers/dash.py: 0
[2012-11-15 15:26:34] EDIT analytics/controllers/dash.py: 0
[2012-11-15 15:26:45] EDIT analytics/controllers/dash.py: 0
[2012-11-15 15:26:55] EDIT analytics/views/dash/timeline.html: -1
[2012-11-15 15:27:26] EDIT analytics/controllers/dash.py: 0
[2012-11-15 15:27:34] EDIT analytics/controllers/dash.py: 0
[2012-11-15 15:28:17] EDIT analytics/views/default/dashboard.html: 0
[2012-11-15 15:28:53] EDIT analytics/views/dash/timeline.html: 1
[2012-11-15 15:31:52] EDIT analytics/controllers/dash.py: 0
[2012-11-15 15:37:35] EDIT analytics/views/dash/timeline.html: 1
[2012-11-15 15:37:39] EDIT analytics/views/dash/timeline.html: 0
[2012-11-15 15:38:09] EDIT analytics/views/dash/timeline.html: -1
[2012-11-15 15:38:50] EDIT analytics/views/dash/timeline.html: 0
[2012-11-15 15:42:35] EDIT analytics/controllers/dash.py: 0
[2012-11-15 15:42:45] EDIT analytics/views/dash/timeline.html: 1
[2012-11-15 15:44:37] EDIT analytics/controllers/dash.py: 0
[2012-11-15 15:44:59] EDIT analytics/controllers/dash.py: 0
[2012-11-15 15:45:09] EDIT analytics/views/dash/timeline.html: -1
[2012-11-15 15:50:46] EDIT analytics/views/default/dashboard.html: 0
[2012-11-15 15:51:53] EDIT analytics/views/default/dashboard.html: 2
[2012-11-15 15:57:21] EDIT analytics/views/default/dashboard.html: 10
[2012-11-15 15:58:37] EDIT analytics/views/default/dashboard.html: -10
[2012-11-15 15:58:40] EDIT analytics/views/default/dashboard.html: 0
[2012-11-15 15:59:16] EDIT analytics/views/dash/timeline.html: -4
[2012-11-15 16:03:08] EDIT analytics/controllers/dash.py: 2
[2012-11-15 16:03:11] EDIT analytics/controllers/dash.py: 0
[2012-11-15 16:03:58] EDIT analytics/controllers/dash.py: -2
[2012-11-15 16:04:11] EDIT analytics/controllers/dash.py: 0
[2012-11-15 16:04:21] EDIT analytics/controllers/dash.py: 0
[2012-11-15 16:06:33] EDIT analytics/views/dash/timeline.html: 1
[2012-11-15 16:06:50] EDIT analytics/views/dash/timeline.html: 1
[2012-11-15 16:07:20] EDIT analytics/views/dash/timeline.html: 0
[2012-11-15 16:07:33] EDIT analytics/views/dash/timeline.html: 0
[2012-11-15 16:08:40] EDIT analytics/controllers/dash.py: 1
[2012-11-15 16:09:42] EDIT analytics/controllers/dash.py: 4
[2012-11-15 16:10:04] EDIT analytics/controllers/dash.py: 0
[2012-11-15 16:10:08] EDIT analytics/controllers/dash.py: 0
[2012-11-15 16:11:24] EDIT analytics/views/default/dashboard.html: 1
[2012-11-15 16:12:57] EDIT analytics/views/default/dashboard.html: 0
[2012-11-15 16:13:07] EDIT analytics/views/default/dashboard.html: 0
[2012-11-15 16:13:32] EDIT analytics/views/default/dashboard.html: 0
[2012-11-15 16:14:07] EDIT analytics/views/dash/timeline.html: 1
[2012-11-15 16:15:26] EDIT analytics/controllers/dash.py: 0
[2012-11-15 16:16:24] EDIT analytics/views/dash/timeline.html: 0
[2012-11-15 16:17:02] EDIT analytics/views/default/dashboard.html: 0
[2012-11-15 16:18:14] EDIT analytics/views/default/dashboard.html: 1
[2012-11-15 16:18:48] EDIT analytics/views/dash/timeline.html: -2
[2012-11-15 16:19:27] EDIT analytics/controllers/dash.py: 1
[2012-11-15 16:19:32] EDIT analytics/controllers/dash.py: 0
[2012-11-15 16:19:43] EDIT analytics/controllers/dash.py: 0
[2012-11-15 16:20:13] EDIT analytics/controllers/dash.py: -1
[2012-11-15 16:20:15] EDIT analytics/controllers/dash.py: 0
[2012-11-15 16:20:37] EDIT analytics/views/default/dashboard.html: 0
[2012-11-15 16:21:02] EDIT analytics/views/dash/timeline.html: 1
[2012-11-15 16:21:24] EDIT analytics/controllers/dash.py: 0
[2012-11-15 16:21:28] EDIT analytics/views/dash/timeline.html: -1
[2012-11-15 16:24:18] EDIT analytics/views/dash/timeline.html: 0
[2012-11-15 16:45:30] EDIT analytics/views/default/dashboard.html: 0
[2012-11-15 16:45:33] EDIT analytics/views/default/dashboard.html: 0
[2012-11-15 16:47:14] EDIT analytics/views/default/dashboard.html: -1
[2012-11-15 16:47:32] EDIT analytics/views/default/dashboard.html: 1
[2012-11-15 16:47:44] EDIT analytics/views/default/dashboard.html: 3
[2012-11-15 16:48:49] EDIT analytics/views/default/dashboard.html: 1
[2012-11-15 16:49:48] EDIT analytics/views/default/dashboard.html: 0
[2012-11-15 17:35:14] EDIT analytics/controllers/dash.py: 0
[2012-11-15 17:37:19] EDIT analytics/views/dash/t_topics.html: 0
[2012-11-15 17:37:58] EDIT analytics/controllers/dash.py: 0
[2012-11-15 17:40:04] EDIT analytics/views/dash/t_topics.html: 0
[2012-11-15 17:42:12] EDIT analytics/views/dash/t_topics.html: 0
[2012-11-15 17:43:19] EDIT analytics/views/dash/top10.html: 0
[2012-11-20 16:41:16] EDIT analytics/models/menu.py: 1
[2012-11-20 16:42:29] EDIT analytics/models/menu.py: 103
[2012-11-20 16:43:57] EDIT analytics/models/menu.py: -5
[2012-11-20 16:44:45] EDIT analytics/models/menu.py: 5
[2012-11-20 16:46:01] EDIT analytics/models/menu.py: -5
[2012-11-20 17:36:29] EDIT analytics/views/dashboard/top10.html: 18
[2012-11-20 17:44:57] EDIT analytics/views/dash/timeline.html: 1
[2012-11-20 17:46:00] EDIT analytics/views/dash/timeline.html: 1
[2012-11-20 17:50:06] EDIT analytics/views/dash/timeline.html: 0
[2012-11-20 17:51:12] EDIT analytics/views/dash/timeline.html: -1
[2012-11-20 17:51:40] EDIT analytics/views/dash/timeline.html: 1
[2012-11-20 17:53:49] EDIT analytics/views/dash/timeline.html: 0
[2012-11-20 17:54:34] EDIT analytics/views/dash/timeline.html: 0
[2012-11-20 17:55:15] EDIT analytics/views/dash/timeline.html: 0
[2012-11-20 17:55:23] EDIT analytics/views/dash/timeline.html: 0
[2012-11-20 17:55:32] EDIT analytics/views/dash/timeline.html: 0
[2012-11-20 17:55:44] EDIT analytics/views/dash/timeline.html: 0
[2012-11-20 17:55:57] EDIT analytics/views/dash/timeline.html: 0
[2012-11-20 17:56:16] EDIT analytics/views/dash/timeline.html: 0
[2012-11-20 17:56:29] EDIT analytics/views/dash/timeline.html: 0
[2012-11-20 17:57:08] EDIT analytics/views/dash/timeline.html: 0
[2012-11-20 17:57:12] EDIT analytics/views/dash/timeline.html: 0
[2012-11-20 18:00:19] EDIT analytics/views/dash/timeline.html: 0
[2012-11-20 18:01:16] EDIT analytics/controllers/dashboard.py: 33
[2012-11-20 18:09:03] EDIT analytics/controllers/dashboard.py: 2
[2012-11-20 18:33:51] EDIT analytics/views/default/index.html: 0
[2012-11-20 18:34:03] EDIT analytics/views/default/index.html: 0
[2012-11-20 18:34:47] EDIT analytics/controllers/default.py: 0
[2012-11-20 18:34:50] EDIT analytics/controllers/default.py: 0
[2012-11-20 18:34:59] EDIT analytics/controllers/default.py: 0
[2012-11-20 18:35:36] EDIT analytics/controllers/default.py: 0
[2012-11-20 18:36:03] EDIT analytics/views/default/index.html: 0
[2012-11-20 18:36:13] EDIT analytics/views/default/index.html: 0
[2012-11-20 18:37:11] EDIT analytics/views/default/index.html: 0
[2012-11-20 18:37:22] EDIT analytics/views/default/index.html: 0
[2012-11-20 18:37:53] EDIT analytics/views/default/index.html: -5
[2012-11-20 18:38:15] EDIT analytics/controllers/default.py: 0
[2012-11-20 18:38:22] EDIT analytics/controllers/default.py: -2
[2012-11-20 18:38:30] EDIT analytics/controllers/default.py: 0
[2012-11-20 18:38:39] EDIT analytics/controllers/default.py: 0
[2012-11-20 18:38:45] EDIT analytics/controllers/default.py: 0
[2012-11-20 18:44:48] EDIT analytics/views/default/index.html: 0
[2012-11-20 18:45:25] EDIT analytics/controllers/default.py: 1
[2012-11-20 18:45:36] EDIT analytics/controllers/default.py: 0
[2012-11-20 18:47:28] EDIT analytics/controllers/default.py: 0
[2012-11-20 18:48:06] EDIT analytics/controllers/default.py: 0
[2012-11-20 18:53:04] EDIT analytics/static/css/dashboard.css: 0
[2012-11-20 18:53:44] EDIT analytics/views/dash/timeline.html: 0
[2012-11-20 18:54:10] EDIT analytics/views/dash/timeline.html: 0
[2012-11-20 18:54:30] EDIT analytics/views/dash/timeline.html: 0
[2012-11-20 18:54:42] EDIT analytics/views/dash/timeline.html: 0
[2012-11-20 18:55:00] EDIT analytics/views/dash/timeline.html: 0
[2012-11-20 18:55:06] EDIT analytics/views/dash/timeline.html: 0
[2012-11-20 18:55:29] EDIT analytics/views/dash/timeline.html: 0
[2012-11-20 18:56:11] EDIT analytics/views/dash/timeline.html: 0
[2012-11-20 18:56:23] EDIT analytics/views/dash/timeline.html: 0
[2012-11-20 18:56:43] EDIT analytics/views/dash/timeline.html: 0
[2012-11-20 18:56:56] EDIT analytics/views/dash/timeline.html: 0
[2012-11-20 18:59:01] EDIT analytics/controllers/dash.py: 0
[2012-11-20 19:01:05] EDIT analytics/controllers/dash.py: 2
[2012-11-20 19:01:13] EDIT analytics/controllers/dash.py: -1
[2012-11-20 19:01:15] EDIT analytics/controllers/dash.py: 0
[2012-11-20 21:05:18] EDIT analytics/static/css/dashboard.css: 1
[2012-11-20 21:05:58] EDIT analytics/static/css/dashboard.css: 1
[2012-11-20 21:06:17] EDIT analytics/static/css/dashboard.css: 0
[2012-11-20 21:06:31] EDIT analytics/static/css/dashboard.css: 0
[2012-11-20 21:06:40] EDIT analytics/static/css/dashboard.css: 0
[2012-11-20 21:07:02] EDIT analytics/static/css/dashboard.css: 0
[2012-11-20 21:07:29] EDIT analytics/static/css/dashboard.css: 6
[2012-11-20 21:08:03] EDIT analytics/static/css/dashboard.css: 0
[2012-11-20 21:08:16] EDIT analytics/static/css/dashboard.css: 0
[2012-11-20 21:08:32] EDIT analytics/static/css/dashboard.css: 0
[2012-11-20 21:08:53] EDIT analytics/static/css/dashboard.css: 0
[2012-11-20 21:09:21] EDIT analytics/static/css/dashboard.css: 0
[2012-11-20 21:09:36] EDIT analytics/static/css/dashboard.css: 0
[2012-11-20 21:09:41] EDIT analytics/static/css/dashboard.css: 0
[2012-11-20 21:10:46] EDIT analytics/static/css/dashboard.css: 0
[2012-11-20 21:11:05] EDIT analytics/views/dash/timeline.html: 0
[2012-11-20 21:11:28] EDIT analytics/static/css/dashboard.css: 0
[2012-11-20 21:11:48] EDIT analytics/static/css/dashboard.css: 0
[2012-11-20 21:12:04] EDIT analytics/static/css/dashboard.css: 0
[2012-11-20 21:12:15] EDIT analytics/static/css/dashboard.css: 0
[2012-11-20 21:12:28] EDIT analytics/static/css/dashboard.css: 0
[2012-11-20 21:17:14] EDIT analytics/static/css/dashboard.css: 0
[2012-11-20 21:21:20] EDIT analytics/models/menu.py: 0
[2012-11-20 21:23:41] EDIT analytics/models/menu.py: 4
[2012-11-20 21:23:55] EDIT analytics/models/menu.py: 0
[2012-11-20 21:24:55] EDIT analytics/models/menu.py: 2
[2012-11-20 21:25:03] EDIT analytics/models/menu.py: 0
[2012-11-20 21:27:45] EDIT analytics/views/dash/timeline.html: 0
[2012-11-20 21:28:12] EDIT analytics/views/dash/timeline.html: 0
[2012-11-20 21:33:07] EDIT analytics/controllers/default.py: 6
[2012-11-20 21:33:30] EDIT analytics/controllers/default.py: 2
[2012-11-20 21:33:46] EDIT analytics/controllers/default.py: 0
[2012-11-20 21:34:46] EDIT analytics/controllers/default.py: -2
[2012-11-20 21:34:56] EDIT analytics/controllers/default.py: 2
[2012-11-20 21:38:39] CREATE default/data.html: 0
[2012-11-20 21:38:43] EDIT analytics/views/default/data.html: 0
[2012-11-20 21:38:54] CREATE default/graph.html: 0
[2012-11-20 21:38:56] EDIT analytics/views/default/graph.html: 0
[2012-11-20 21:39:11] CREATE default/report.html: 0
[2012-11-20 21:39:15] EDIT analytics/views/default/report.html: 0
[2012-11-20 21:39:38] CREATE default/about.html: 0
[2012-11-20 21:39:41] EDIT analytics/views/default/about.html: 0
[2012-11-20 21:42:02] EDIT analytics/models/menu.py: 0
[2012-11-20 21:44:51] EDIT analytics/models/menu.py: 0
[2012-11-20 21:45:06] CREATE dashboard/stacked.html: 0
[2012-11-20 21:45:09] EDIT analytics/views/dashboard/stacked.html: 0
[2012-11-20 21:45:34] CREATE dashboard/histogram.html: 0
[2012-11-20 21:45:37] EDIT analytics/views/dashboard/histogram.html: 0
[2012-11-20 21:45:46] EDIT analytics/views/dashboard/histogram.html: 0
[2012-11-20 21:46:08] CREATE dashboard/mashup.html: 0
[2012-11-20 21:46:10] EDIT analytics/views/dashboard/mashup.html: 0
[2012-11-20 21:46:29] CREATE dashboard/barchart.html: 0
[2012-11-20 21:46:31] EDIT analytics/views/dashboard/barchart.html: 0
[2012-11-20 21:46:56] EDIT analytics/models/menu.py: 0
[2012-11-20 21:49:18] EDIT analytics/controllers/dashboard.py: 6
[2012-11-20 21:50:21] EDIT analytics/models/menu.py: 0
[2012-11-20 21:52:11] EDIT analytics/views/layout.html: 1
[2012-11-20 21:52:37] EDIT analytics/views/dashboard/mashup.html: 1
[2012-11-20 21:52:59] EDIT analytics/views/dashboard/mashup.html: 0
[2012-11-20 21:53:13] EDIT analytics/views/dashboard/mashup.html: 0
[2012-11-20 21:53:30] EDIT analytics/views/dashboard/mashup.html: 0
[2012-11-20 21:55:30] EDIT analytics/views/dash_layout.html: 5
[2012-11-20 21:55:46] EDIT analytics/views/dash_layout.html: 1
[2012-11-20 21:56:28] EDIT analytics/views/dash_layout.html: 0
[2012-11-20 21:56:40] EDIT analytics/views/dash_layout.html: 0
[2012-11-20 21:57:01] EDIT analytics/views/dash_layout.html: 0
[2012-11-20 21:57:35] EDIT analytics/views/dash_layout.html: 0
[2012-11-20 22:02:00] EDIT analytics/views/dash_layout.html: 2
[2012-11-20 22:02:30] EDIT analytics/views/dashboard/histogram.html: 2
[2012-11-20 22:04:11] EDIT analytics/views/dashboard/histogram.html: 1
[2012-11-20 22:04:56] EDIT analytics/views/dash_layout.html: 0
[2012-11-20 22:05:03] EDIT analytics/views/dashboard/histogram.html: 0
[2012-11-20 22:10:00] EDIT analytics/views/dash_layout.html: 0
[2012-11-20 22:12:47] EDIT analytics/views/dash_layout.html: 0
[2012-11-20 22:15:35] EDIT analytics/views/dashboard/mashup.html: 0
[2012-11-20 22:15:54] EDIT analytics/views/dashboard/mashup.html: -1
[2012-11-20 22:17:08] EDIT analytics/views/dashboard/histogram.html: 0
[2012-11-20 22:17:38] EDIT analytics/views/dashboard/mashup.html: 3
[2012-11-20 22:17:41] EDIT analytics/views/dashboard/mashup.html: 0
[2012-11-20 22:18:59] EDIT analytics/views/dash_layout.html: 0
[2012-11-20 22:20:16] EDIT analytics/views/dash_layout.html: 0
[2012-11-20 22:20:25] EDIT analytics/views/dashboard/histogram.html: 0
[2012-11-20 22:20:27] EDIT analytics/views/dashboard/mashup.html: 0
[2012-11-20 22:20:58] EDIT analytics/views/dash_layout.html: 0
[2012-11-20 22:25:15] EDIT analytics/views/default/report.html: 0
[2012-11-20 22:26:10] EDIT analytics/views/default/report.html: 3
[2012-11-20 22:27:10] EDIT analytics/views/default/report.html: 1
[2012-11-20 22:27:57] EDIT analytics/views/default/report.html: 0
[2012-11-20 22:28:37] EDIT analytics/views/default/report.html: -3
[2012-11-20 22:29:14] EDIT analytics/views/default/report.html: 0
[2012-11-20 22:29:42] EDIT analytics/views/default/report.html: 2
[2012-11-20 22:30:19] EDIT analytics/views/default/report.html: 0
[2012-11-20 22:31:02] EDIT analytics/views/default/report.html: 0
[2012-11-20 22:31:21] EDIT analytics/views/default/report.html: 0
[2012-11-20 22:31:50] EDIT analytics/views/default/report.html: 0
[2012-11-20 22:32:37] EDIT analytics/views/default/report.html: 0
[2012-11-20 22:32:58] EDIT analytics/views/default/report.html: 0
[2012-11-20 22:33:15] EDIT analytics/views/default/report.html: 0
[2012-11-20 22:33:35] EDIT analytics/views/default/report.html: 0
[2012-11-20 22:33:39] EDIT analytics/views/default/report.html: 0
[2012-11-20 22:34:17] EDIT analytics/views/default/report.html: 0
[2012-11-20 22:35:31] EDIT analytics/views/default/about.html: 0
[2012-11-20 22:36:18] EDIT analytics/views/default/about.html: 3
[2012-11-20 22:36:30] EDIT analytics/views/default/about.html: 0
[2012-11-20 22:37:11] EDIT analytics/views/default/report.html: 0
[2012-11-20 22:37:27] EDIT analytics/views/default/report.html: 0
[2012-11-20 22:38:26] EDIT analytics/views/default/report.html: 2
[2012-11-20 22:39:05] EDIT analytics/views/default/report.html: 0
[2012-11-20 22:39:19] EDIT analytics/views/default/report.html: 0
[2012-11-20 22:39:40] EDIT analytics/views/default/report.html: 0
[2012-11-20 22:39:51] EDIT analytics/views/default/report.html: 0
[2012-11-20 22:41:32] EDIT analytics/views/default/report.html: 0
[2012-11-20 22:42:22] EDIT analytics/views/default/report.html: 0
[2012-11-20 22:42:38] EDIT analytics/views/default/report.html: 0
[2012-11-20 22:51:10] EDIT analytics/views/default/report.html: 0
[2012-11-20 22:51:27] EDIT analytics/views/default/report.html: 0
[2012-11-20 22:54:01] EDIT analytics/models/menu.py: 0
[2012-11-20 22:55:35] EDIT analytics/views/default/graph.html: -2
[2012-11-20 23:00:15] EDIT analytics/views/default/graph.html: 209
[2012-11-20 23:01:41] EDIT analytics/controllers/default.py: 9
[2012-11-20 23:02:40] EDIT analytics/views/dash_layout.html: 1
[2012-11-20 23:08:38] EDIT analytics/views/dash_layout.html: 0
[2012-11-20 23:54:31] EDIT analytics/views/appadmin.html: 0
[2012-11-21 00:00:37] EDIT analytics/models/menu.py: 0
[2012-11-21 00:22:09] EDIT analytics/controllers/appadmin.py: -8
[2012-11-21 00:22:37] EDIT analytics/controllers/appadmin.py: 0
[2012-11-21 01:03:55] EDIT analytics/views/data/index.html: 0
[2012-11-21 01:19:01] EDIT analytics/views/dashboard/stacked.html: -2
[2012-11-21 01:19:04] EDIT analytics/views/dashboard/stacked.html: 73
[2012-11-21 02:04:24] DELETE analytics/views/dashboard/visualization.html: -2
[2012-11-21 02:04:32] DELETE analytics/views/dash/visualization.html: -1
[2012-11-21 02:08:01] DELETE analytics/static/sp500.csv: -124
[2012-11-21 02:09:41] EDIT analytics/views/default/report.html: 0
[2012-11-21 02:10:09] EDIT analytics/views/default/report.html: 0
[2012-11-21 02:11:12] DELETE analytics/views/default/force.html: -216
[2012-11-21 11:15:09] EDIT analytics/static/css/dashboard.css: 1
[2012-11-21 11:15:10] EDIT analytics/static/css/dashboard.css: 0
[2012-11-21 11:15:45] EDIT analytics/static/css/dashboard.css: -1
[2012-11-21 11:16:00] EDIT analytics/static/css/dashboard.css: 0
[2012-11-21 11:16:22] EDIT analytics/static/css/dashboard.css: 0
[2012-11-21 11:16:44] EDIT analytics/static/css/dashboard.css: 0
[2012-11-21 11:17:07] EDIT analytics/static/css/dashboard.css: 0
[2012-11-21 11:19:42] EDIT analytics/static/css/dashboard.css: 0
[2012-11-21 11:20:38] EDIT analytics/static/css/dashboard.css: 0
[2012-11-21 11:25:24] EDIT analytics/static/css/dashboard.css: 0
[2012-11-21 11:43:45] EDIT analytics/views/dashboard/histogram.html: 0
[2012-11-21 11:57:57] EDIT analytics/static/css/dashboard.css: 0
